\BOOKMARK [0][-]{chapter.1}{Introducci\363n}{}% 1
\BOOKMARK [1][-]{section.1.1}{Objetivos}{chapter.1}% 2
\BOOKMARK [1][-]{section.1.2}{Sistema de control PID}{chapter.1}% 3
\BOOKMARK [0][-]{chapter.2}{Convertidores Buck}{}% 4
\BOOKMARK [1][-]{section.2.1}{Principio de funcionamiento}{chapter.2}% 5
\BOOKMARK [1][-]{section.2.2}{C\341lculo del inductor}{chapter.2}% 6
\BOOKMARK [1][-]{section.2.3}{Selecci\363n de los MOSFET de conmutaci\363n}{chapter.2}% 7
\BOOKMARK [1][-]{section.2.4}{Capacitor de salida}{chapter.2}% 8
\BOOKMARK [1][-]{section.2.5}{Medici\363n de corriente de salida}{chapter.2}% 9
\BOOKMARK [0][-]{chapter.3}{Controlador PID}{}% 10
\BOOKMARK [1][-]{section.3.1}{Introducci\363n}{chapter.3}% 11
\BOOKMARK [1][-]{section.3.2}{Circuito equivalente de conmutaci\363n promediado}{chapter.3}% 12
\BOOKMARK [1][-]{section.3.3}{Circuito equivalente de conmutaci\363n linealizado}{chapter.3}% 13
\BOOKMARK [1][-]{section.3.4}{Determinaci\363n de la funci\363n de transferencia H\(S\)}{chapter.3}% 14
\BOOKMARK [1][-]{section.3.5}{C\341lculo de los par\341metros PID en MATLAB\256}{chapter.3}% 15
\BOOKMARK [2][-]{subsection.3.5.1}{An\341lisis en el plano continuo s}{section.3.5}% 16
\BOOKMARK [2][-]{subsection.3.5.2}{An\341lisis en el plano discreto z}{section.3.5}% 17
\BOOKMARK [0][-]{chapter.4}{Circuito de control}{}% 18
\BOOKMARK [1][-]{section.4.1}{Introducci\363n}{chapter.4}% 19
\BOOKMARK [1][-]{section.4.2}{Microcontrolador DSP}{chapter.4}% 20
\BOOKMARK [1][-]{section.4.3}{Metodolog\355a de muestreo}{chapter.4}% 21
\BOOKMARK [1][-]{section.4.4}{Leading-Edge Blanking}{chapter.4}% 22
\BOOKMARK [1][-]{section.4.5}{Acondicionamiento de las tensiones de salida}{chapter.4}% 23
\BOOKMARK [1][-]{section.4.6}{Acondicionamiento de las corrientes de salida}{chapter.4}% 24
\BOOKMARK [0][-]{chapter.5}{Software}{}% 25
\BOOKMARK [1][-]{section.5.1}{PID}{chapter.5}% 26
\BOOKMARK [0][-]{chapter.6}{Mediciones}{}% 27
\BOOKMARK [1][-]{section.6.1}{Regulaci\363n de linea}{chapter.6}% 28
\BOOKMARK [1][-]{section.6.2}{Regulaci\363n de carga}{chapter.6}% 29
\BOOKMARK [1][-]{section.6.3}{Ripple}{chapter.6}% 30
\BOOKMARK [1][-]{section.6.4}{Tiempo de respuesta}{chapter.6}% 31
\BOOKMARK [0][-]{chapter.7}{Conclusi\363n}{}% 32
\BOOKMARK [0][-]{chapter.8}{Bibliograf\355a y Contacto}{}% 33
